#
# There is insufficient memory for the Java Runtime Environment to continue.
# Native memory allocation (malloc) failed to allocate 32744 bytes for ChunkPool::allocate
# Possible reasons:
#   The system is out of physical RAM or swap space
#   The process is running with CompressedOops enabled, and the Java Heap may be blocking the growth of the native heap
# Possible solutions:
#   Reduce memory load on the system
#   Increase physical memory or swap space
#   Check if swap backing store is full
#   Decrease Java heap size (-Xmx/-Xms)
#   Decrease number of Java threads
#   Decrease Java thread stack sizes (-Xss)
#   Set larger code cache with -XX:ReservedCodeCacheSize=
#   JVM is running with Unscaled Compressed Oops mode in which the Java heap is
#     placed in the first 4GB address space. The Java Heap base address is the
#     maximum limit for the native heap growth. Please use -XX:HeapBaseMinAddress
#     to set the Java Heap base and to place the Java Heap above 4GB virtual address.
# This output file may be truncated or incomplete.
#
#  Out of Memory Error (arena.cpp:78), pid=35192, tid=71616
#
# JRE version: OpenJDK Runtime Environment Temurin-17.0.7+7 (17.0.7+7) (build 17.0.7+7)
# Java VM: OpenJDK 64-Bit Server VM Temurin-17.0.7+7 (17.0.7+7, mixed mode, tiered, compressed oops, compressed class ptrs, parallel gc, windows-amd64)
# No core dump will be written. Minidumps are not enabled by default on client versions of Windows
#

---------------  S U M M A R Y ------------

Command Line: --add-modules=ALL-SYSTEM --add-opens=java.base/java.util=ALL-UNNAMED --add-opens=java.base/java.lang=ALL-UNNAMED --add-opens=java.base/sun.nio.fs=ALL-UNNAMED -Declipse.application=org.eclipse.jdt.ls.core.id1 -Dosgi.bundles.defaultStartLevel=4 -Declipse.product=org.eclipse.jdt.ls.core.product -Djava.import.generatesMetadataFilesAtProjectRoot=false -Dfile.encoding=utf8 -XX:+UseParallelGC -XX:GCTimeRatio=4 -XX:AdaptiveSizePolicyWeight=90 -Dsun.zip.disableMemoryMapping=true -Xmx1G -Xms100m -Xlog:disable -javaagent:c:\Users\farri\.vscode\extensions\redhat.java-1.21.0-win32-x64\lombok\lombok-1.18.28.jar c:\Users\farri\.vscode\extensions\redhat.java-1.21.0-win32-x64\server\plugins\org.eclipse.equinox.launcher_1.6.500.v20230717-2134.jar -configuration c:\Users\farri\AppData\Roaming\Code\User\globalStorage\redhat.java\1.21.0\config_ss_win -data c:\Users\farri\AppData\Roaming\Code\User\workspaceStorage\811a849fab682e4d3dd8b2739fa1d9de\redhat.java\ss_ws

Host: AMD Athlon Silver 3050U with Radeon Graphics   , 2 cores, 3G,  Windows 11 , 64 bit Build 22621 (10.0.22621.2215)
Time: Thu Sep  7 19:55:33 2023 SE Asia Standard Time elapsed time: 230.824728 seconds (0d 0h 3m 50s)

---------------  T H R E A D  ---------------

Current thread (0x00000250d454d340):  JavaThread "C2 CompilerThread0" daemon [_thread_in_native, id=71616, stack(0x0000005a46c00000,0x0000005a46d00000)]


Current CompileTask:
C2: 230825 3029       4       org.objectweb.asm.ClassReader::readMethod (1066 bytes)

Stack: [0x0000005a46c00000,0x0000005a46d00000]
Native frames: (J=compiled Java code, j=interpreted, Vv=VM code, C=native code)
V  [jvm.dll+0x67754a]
V  [jvm.dll+0x834304]
V  [jvm.dll+0x835aae]
V  [jvm.dll+0x836113]
V  [jvm.dll+0x24696f]
V  [jvm.dll+0xac2cc]
V  [jvm.dll+0xac67c]
V  [jvm.dll+0x6538f3]
V  [jvm.dll+0x1bb44a]
V  [jvm.dll+0x3411ab]
V  [jvm.dll+0x6871b3]
V  [jvm.dll+0x687953]
V  [jvm.dll+0x686f87]
V  [jvm.dll+0x684e82]
V  [jvm.dll+0x1a7fdc]
V  [jvm.dll+0x218628]
V  [jvm.dll+0x1a4d8d]
V  [jvm.dll+0x2284da]
V  [jvm.dll+0x226615]
V  [jvm.dll+0x7ea90b]
V  [jvm.dll+0x7e4e7a]
V  [jvm.dll+0x676395]
C  [ucrtbase.dll+0x29363]
C  [KERNEL32.DLL+0x1257d]
C  [ntdll.dll+0x5aa68]


---------------  P R O C E S S  ---------------

Threads class SMR info:
_java_thread_list=0x00000250d9e60840, length=20, elements={
0x00000250c073c4b0, 0x00000250c07f7a50, 0x00000250c07f8e30, 0x00000250d4548330,
0x00000250d4548df0, 0x00000250d45499a0, 0x00000250d454a550, 0x00000250d454d340,
0x00000250d45afbd0, 0x00000250d45b58b0, 0x00000250d45be780, 0x00000250d94587e0,
0x00000250d95eaee0, 0x00000250be4bc080, 0x00000250d9977830, 0x00000250d9874570,
0x00000250da104700, 0x00000250da0f7ab0, 0x00000250d9a113a0, 0x00000250db1c6a50
}

Java Threads: ( => current thread )
  0x00000250c073c4b0 JavaThread "main" [_thread_blocked, id=72036, stack(0x0000005a46300000,0x0000005a46400000)]
  0x00000250c07f7a50 JavaThread "Reference Handler" daemon [_thread_blocked, id=70900, stack(0x0000005a46600000,0x0000005a46700000)]
  0x00000250c07f8e30 JavaThread "Finalizer" daemon [_thread_blocked, id=73292, stack(0x0000005a46700000,0x0000005a46800000)]
  0x00000250d4548330 JavaThread "Signal Dispatcher" daemon [_thread_blocked, id=71656, stack(0x0000005a46800000,0x0000005a46900000)]
  0x00000250d4548df0 JavaThread "Attach Listener" daemon [_thread_blocked, id=71420, stack(0x0000005a46900000,0x0000005a46a00000)]
  0x00000250d45499a0 JavaThread "Service Thread" daemon [_thread_blocked, id=70580, stack(0x0000005a46a00000,0x0000005a46b00000)]
  0x00000250d454a550 JavaThread "Monitor Deflation Thread" daemon [_thread_blocked, id=71296, stack(0x0000005a46b00000,0x0000005a46c00000)]
=>0x00000250d454d340 JavaThread "C2 CompilerThread0" daemon [_thread_in_native, id=71616, stack(0x0000005a46c00000,0x0000005a46d00000)]
  0x00000250d45afbd0 JavaThread "C1 CompilerThread0" daemon [_thread_blocked, id=32292, stack(0x0000005a46d00000,0x0000005a46e00000)]
  0x00000250d45b58b0 JavaThread "Sweeper thread" daemon [_thread_blocked, id=55348, stack(0x0000005a46e00000,0x0000005a46f00000)]
  0x00000250d45be780 JavaThread "Common-Cleaner" daemon [_thread_blocked, id=64708, stack(0x0000005a46f00000,0x0000005a47000000)]
  0x00000250d94587e0 JavaThread "Notification Thread" daemon [_thread_blocked, id=66108, stack(0x0000005a47000000,0x0000005a47100000)]
  0x00000250d95eaee0 JavaThread "Active Thread: Equinox Container: 6650863d-5b57-48ac-ae33-7755f7e61d42" [_thread_blocked, id=67324, stack(0x0000005a47500000,0x0000005a47600000)]
  0x00000250be4bc080 JavaThread "Framework Event Dispatcher: Equinox Container: 6650863d-5b57-48ac-ae33-7755f7e61d42" daemon [_thread_blocked, id=73812, stack(0x0000005a46000000,0x0000005a46100000)]
  0x00000250d9977830 JavaThread "Start Level: Equinox Container: 6650863d-5b57-48ac-ae33-7755f7e61d42" daemon [_thread_in_native, id=73820, stack(0x0000005a46100000,0x0000005a46200000)]
  0x00000250d9874570 JavaThread "Refresh Thread: Equinox Container: 6650863d-5b57-48ac-ae33-7755f7e61d42" daemon [_thread_blocked, id=73948, stack(0x0000005a46200000,0x0000005a46300000)]
  0x00000250da104700 JavaThread "SCR Component Actor" daemon [_thread_blocked, id=74368, stack(0x0000005a47300000,0x0000005a47400000)]
  0x00000250da0f7ab0 JavaThread "Worker-JM" [_thread_blocked, id=73896, stack(0x0000005a47400000,0x0000005a47500000)]
  0x00000250d9a113a0 JavaThread "Worker-0" [_thread_blocked, id=26076, stack(0x0000005a47700000,0x0000005a47800000)]
  0x00000250db1c6a50 JavaThread "Worker-1" [_thread_blocked, id=74084, stack(0x0000005a47800000,0x0000005a47900000)]

Other Threads:
  0x00000250d450a4b0 VMThread "VM Thread" [stack: 0x0000005a46500000,0x0000005a46600000] [id=66964]
  0x00000250d9356260 WatcherThread [stack: 0x0000005a47100000,0x0000005a47200000] [id=55776]
  0x00000250c07513f0 GCTaskThread "GC Thread#0" [stack: 0x0000005a46400000,0x0000005a46500000] [id=64264]
  0x00000250d9809430 GCTaskThread "GC Thread#1" [stack: 0x0000005a47200000,0x0000005a47300000] [id=72504]

Threads with active compile tasks:
C2 CompilerThread0   230912 3029       4       org.objectweb.asm.ClassReader::readMethod (1066 bytes)

VM state: not at safepoint (normal execution)

VM Mutex/Monitor currently owned by a thread: None

Heap address: 0x00000000c0000000, size: 1024 MB, Compressed Oops mode: 32-bit

CDS archive(s) not mapped
Compressed class space mapped at: 0x0000000100000000-0x0000000140000000, reserved size: 1073741824
Narrow klass base: 0x0000000000000000, Narrow klass shift: 3, Narrow klass range: 0x140000000

GC Precious Log:
 CPUs: 2 total, 2 available
 Memory: 3499M
 Large Page Support: Disabled
 NUMA Support: Disabled
 Compressed Oops: Enabled (32-bit)
 Alignments: Space 512K, Generation 512K, Heap 2M
 Heap Min Capacity: 100M
 Heap Initial Capacity: 100M
 Heap Max Capacity: 1G
 Pre-touch: Disabled
 Parallel Workers: 2

Heap:
 PSYoungGen      total 25600K, used 13350K [0x00000000eab00000, 0x00000000ec880000, 0x0000000100000000)
  eden space 25088K, 51% used [0x00000000eab00000,0x00000000eb7998a0,0x00000000ec380000)
  from space 512K, 87% used [0x00000000ec400000,0x00000000ec470178,0x00000000ec480000)
  to   space 2560K, 0% used [0x00000000ec600000,0x00000000ec600000,0x00000000ec880000)
 ParOldGen       total 68608K, used 8698K [0x00000000c0000000, 0x00000000c4300000, 0x00000000eab00000)
  object space 68608K, 12% used [0x00000000c0000000,0x00000000c087e978,0x00000000c4300000)
 Metaspace       used 26792K, committed 27264K, reserved 1114112K
  class space    used 2613K, committed 2816K, reserved 1048576K

Card table byte_map: [0x00000250c00e0000,0x00000250c02f0000] _byte_map_base: 0x00000250bfae0000

Marking Bits: (ParMarkBitMap*) 0x00007ff8c80452c0
 Begin Bits: [0x00000250d23c0000, 0x00000250d33c0000)
 End Bits:   [0x00000250d33c0000, 0x00000250d43c0000)

Polling page: 0x00000250be4a0000

Metaspace:

Usage:
  Non-class:     23.61 MB used.
      Class:      2.55 MB used.
       Both:     26.16 MB used.

Virtual space:
  Non-class space:       64.00 MB reserved,      23.88 MB ( 37%) committed,  1 nodes.
      Class space:        1.00 GB reserved,       2.75 MB ( <1%) committed,  1 nodes.
             Both:        1.06 GB reserved,      26.62 MB (  2%) committed. 

Chunk freelists:
   Non-Class:  7.47 MB
       Class:  13.24 MB
        Both:  20.70 MB

MaxMetaspaceSize: unlimited
CompressedClassSpaceSize: 1.00 GB
Initial GC threshold: 21.00 MB
Current GC threshold: 35.00 MB
CDS: off
MetaspaceReclaimPolicy: balanced
 - commit_granule_bytes: 65536.
 - commit_granule_words: 8192.
 - virtual_space_node_default_size: 8388608.
 - enlarge_chunks_in_place: 1.
 - new_chunks_are_fully_committed: 0.
 - uncommit_free_chunks: 1.
 - use_allocation_guard: 0.
 - handle_deallocations: 1.


Internal statistics:

num_allocs_failed_limit: 3.
num_arena_births: 260.
num_arena_deaths: 14.
num_vsnodes_births: 2.
num_vsnodes_deaths: 0.
num_space_committed: 426.
num_space_uncommitted: 0.
num_chunks_returned_to_freelist: 17.
num_chunks_taken_from_freelist: 960.
num_chunk_merges: 6.
num_chunk_splits: 632.
num_chunks_enlarged: 433.
num_inconsistent_stats: 0.

CodeHeap 'non-profiled nmethods': size=120064Kb used=1191Kb max_used=1191Kb free=118872Kb
 bounds [0x00000250cae80000, 0x00000250cb0f0000, 0x00000250d23c0000]
CodeHeap 'profiled nmethods': size=120000Kb used=6442Kb max_used=6442Kb free=113557Kb
 bounds [0x00000250c33c0000, 0x00000250c3a10000, 0x00000250ca8f0000]
CodeHeap 'non-nmethods': size=5696Kb used=1226Kb max_used=1241Kb free=4469Kb
 bounds [0x00000250ca8f0000, 0x00000250cab60000, 0x00000250cae80000]
 total_blobs=3550 nmethods=3013 adapters=451
 compilation: enabled
              stopped_count=0, restarted_count=0
 full_count=0

Compilation events (20 events):
Event: 230.142 Thread 0x00000250d45afbd0 3019       3       org.objectweb.asm.MethodWriter::putFrameType (83 bytes)
Event: 230.142 Thread 0x00000250d45afbd0 nmethod 3019 0x00000250c3a02010 code [0x00000250c3a02260, 0x00000250c3a02b38]
Event: 230.142 Thread 0x00000250d45afbd0 3020       3       org.objectweb.asm.MethodVisitor::visitMethodInsn (80 bytes)
Event: 230.143 Thread 0x00000250d454d340 nmethod 3022 0x00000250cafa8f90 code [0x00000250cafa9100, 0x00000250cafa91b8]
Event: 230.143 Thread 0x00000250d45afbd0 nmethod 3020 0x00000250c3a02e10 code [0x00000250c3a02fe0, 0x00000250c3a03488]
Event: 230.143 Thread 0x00000250d45afbd0 3021       3       org.objectweb.asm.MethodVisitor::visitInsn (16 bytes)
Event: 230.143 Thread 0x00000250d45afbd0 nmethod 3021 0x00000250c3a03610 code [0x00000250c3a037c0, 0x00000250c3a039c8]
Event: 230.548 Thread 0x00000250d454d340 3023       4       java.util.concurrent.locks.ReentrantLock$Sync::tryRelease (51 bytes)
Event: 230.549 Thread 0x00000250d454d340 nmethod 3023 0x00000250cafa9290 code [0x00000250cafa9400, 0x00000250cafa94d8]
Event: 230.764 Thread 0x00000250d454d340 3024       4       org.objectweb.asm.MethodWriter::visitLabel (328 bytes)
Event: 230.769 Thread 0x00000250d454d340 nmethod 3024 0x00000250cafa9590 code [0x00000250cafa9720, 0x00000250cafa9b78]
Event: 230.775 Thread 0x00000250d45afbd0 3025       3       java.lang.String::split (327 bytes)
Event: 230.779 Thread 0x00000250d45afbd0 nmethod 3025 0x00000250c3a03a90 code [0x00000250c3a04020, 0x00000250c3a072f8]
Event: 230.780 Thread 0x00000250d45afbd0 3026       3       org.objectweb.asm.Label::addForwardReference (102 bytes)
Event: 230.781 Thread 0x00000250d45afbd0 nmethod 3026 0x00000250c3a08590 code [0x00000250c3a08740, 0x00000250c3a08bc8]
Event: 230.781 Thread 0x00000250d45afbd0 3027       3       org.objectweb.asm.Symbol::getArgumentsAndReturnSizes (23 bytes)
Event: 230.781 Thread 0x00000250d45afbd0 nmethod 3027 0x00000250c3a08d90 code [0x00000250c3a08f40, 0x00000250c3a090c8]
Event: 230.781 Thread 0x00000250d45afbd0 3028       3       org.objectweb.asm.MethodWriter::visitJumpInsn (495 bytes)
Event: 230.782 Thread 0x00000250d45afbd0 nmethod 3028 0x00000250c3a09190 code [0x00000250c3a094c0, 0x00000250c3a0a528]
Event: 230.783 Thread 0x00000250d454d340 3029       4       org.objectweb.asm.ClassReader::readMethod (1066 bytes)

GC Heap History (12 events):
Event: 15.190 GC heap before
{Heap before GC invocations=1 (full 0):
 PSYoungGen      total 29696K, used 25600K [0x00000000eab00000, 0x00000000ecc00000, 0x0000000100000000)
  eden space 25600K, 100% used [0x00000000eab00000,0x00000000ec400000,0x00000000ec400000)
  from space 4096K, 0% used [0x00000000ec800000,0x00000000ec800000,0x00000000ecc00000)
  to   space 4096K, 0% used [0x00000000ec400000,0x00000000ec400000,0x00000000ec800000)
 ParOldGen       total 68608K, used 0K [0x00000000c0000000, 0x00000000c4300000, 0x00000000eab00000)
  object space 68608K, 0% used [0x00000000c0000000,0x00000000c0000000,0x00000000c4300000)
 Metaspace       used 11305K, committed 11456K, reserved 1114112K
  class space    used 1137K, committed 1216K, reserved 1048576K
}
Event: 15.208 GC heap after
{Heap after GC invocations=1 (full 0):
 PSYoungGen      total 29696K, used 3145K [0x00000000eab00000, 0x00000000ecc00000, 0x0000000100000000)
  eden space 25600K, 0% used [0x00000000eab00000,0x00000000eab00000,0x00000000ec400000)
  from space 4096K, 76% used [0x00000000ec400000,0x00000000ec712490,0x00000000ec800000)
  to   space 4096K, 0% used [0x00000000ec800000,0x00000000ec800000,0x00000000ecc00000)
 ParOldGen       total 68608K, used 0K [0x00000000c0000000, 0x00000000c4300000, 0x00000000eab00000)
  object space 68608K, 0% used [0x00000000c0000000,0x00000000c0000000,0x00000000c4300000)
 Metaspace       used 11305K, committed 11456K, reserved 1114112K
  class space    used 1137K, committed 1216K, reserved 1048576K
}
Event: 125.607 GC heap before
{Heap before GC invocations=2 (full 0):
 PSYoungGen      total 29696K, used 28745K [0x00000000eab00000, 0x00000000ecc00000, 0x0000000100000000)
  eden space 25600K, 100% used [0x00000000eab00000,0x00000000ec400000,0x00000000ec400000)
  from space 4096K, 76% used [0x00000000ec400000,0x00000000ec712490,0x00000000ec800000)
  to   space 4096K, 0% used [0x00000000ec800000,0x00000000ec800000,0x00000000ecc00000)
 ParOldGen       total 68608K, used 0K [0x00000000c0000000, 0x00000000c4300000, 0x00000000eab00000)
  object space 68608K, 0% used [0x00000000c0000000,0x00000000c0000000,0x00000000c4300000)
 Metaspace       used 14618K, committed 14784K, reserved 1114112K
  class space    used 1454K, committed 1536K, reserved 1048576K
}
Event: 125.750 GC heap after
{Heap after GC invocations=2 (full 0):
 PSYoungGen      total 29696K, used 4081K [0x00000000eab00000, 0x00000000ecc00000, 0x0000000100000000)
  eden space 25600K, 0% used [0x00000000eab00000,0x00000000eab00000,0x00000000ec400000)
  from space 4096K, 99% used [0x00000000ec800000,0x00000000ecbfc488,0x00000000ecc00000)
  to   space 4096K, 0% used [0x00000000ec400000,0x00000000ec400000,0x00000000ec800000)
 ParOldGen       total 68608K, used 1233K [0x00000000c0000000, 0x00000000c4300000, 0x00000000eab00000)
  object space 68608K, 1% used [0x00000000c0000000,0x00000000c01346b0,0x00000000c4300000)
 Metaspace       used 14618K, committed 14784K, reserved 1114112K
  class space    used 1454K, committed 1536K, reserved 1048576K
}
Event: 155.571 GC heap before
{Heap before GC invocations=3 (full 0):
 PSYoungGen      total 29696K, used 29681K [0x00000000eab00000, 0x00000000ecc00000, 0x0000000100000000)
  eden space 25600K, 100% used [0x00000000eab00000,0x00000000ec400000,0x00000000ec400000)
  from space 4096K, 99% used [0x00000000ec800000,0x00000000ecbfc488,0x00000000ecc00000)
  to   space 4096K, 0% used [0x00000000ec400000,0x00000000ec400000,0x00000000ec800000)
 ParOldGen       total 68608K, used 1233K [0x00000000c0000000, 0x00000000c4300000, 0x00000000eab00000)
  object space 68608K, 1% used [0x00000000c0000000,0x00000000c01346b0,0x00000000c4300000)
 Metaspace       used 17071K, committed 17280K, reserved 1114112K
  class space    used 1726K, committed 1856K, reserved 1048576K
}
Event: 155.691 GC heap after
{Heap after GC invocations=3 (full 0):
 PSYoungGen      total 29696K, used 4094K [0x00000000eab00000, 0x00000000ecc00000, 0x0000000100000000)
  eden space 25600K, 0% used [0x00000000eab00000,0x00000000eab00000,0x00000000ec400000)
  from space 4096K, 99% used [0x00000000ec400000,0x00000000ec7ffa98,0x00000000ec800000)
  to   space 4096K, 0% used [0x00000000ec800000,0x00000000ec800000,0x00000000ecc00000)
 ParOldGen       total 68608K, used 3242K [0x00000000c0000000, 0x00000000c4300000, 0x00000000eab00000)
  object space 68608K, 4% used [0x00000000c0000000,0x00000000c032a800,0x00000000c4300000)
 Metaspace       used 17071K, committed 17280K, reserved 1114112K
  class space    used 1726K, committed 1856K, reserved 1048576K
}
Event: 208.576 GC heap before
{Heap before GC invocations=4 (full 0):
 PSYoungGen      total 29696K, used 28649K [0x00000000eab00000, 0x00000000ecc00000, 0x0000000100000000)
  eden space 25600K, 95% used [0x00000000eab00000,0x00000000ec2faaa0,0x00000000ec400000)
  from space 4096K, 99% used [0x00000000ec400000,0x00000000ec7ffa98,0x00000000ec800000)
  to   space 4096K, 0% used [0x00000000ec800000,0x00000000ec800000,0x00000000ecc00000)
 ParOldGen       total 68608K, used 3242K [0x00000000c0000000, 0x00000000c4300000, 0x00000000eab00000)
  object space 68608K, 4% used [0x00000000c0000000,0x00000000c032a800,0x00000000c4300000)
 Metaspace       used 21159K, committed 21504K, reserved 1114112K
  class space    used 2127K, committed 2304K, reserved 1048576K
}
Event: 208.696 GC heap after
{Heap after GC invocations=4 (full 0):
 PSYoungGen      total 29696K, used 4089K [0x00000000eab00000, 0x00000000ecc00000, 0x0000000100000000)
  eden space 25600K, 0% used [0x00000000eab00000,0x00000000eab00000,0x00000000ec400000)
  from space 4096K, 99% used [0x00000000ec800000,0x00000000ecbfe7f0,0x00000000ecc00000)
  to   space 4096K, 0% used [0x00000000ec400000,0x00000000ec400000,0x00000000ec800000)
 ParOldGen       total 68608K, used 4773K [0x00000000c0000000, 0x00000000c4300000, 0x00000000eab00000)
  object space 68608K, 6% used [0x00000000c0000000,0x00000000c04a9440,0x00000000c4300000)
 Metaspace       used 21159K, committed 21504K, reserved 1114112K
  class space    used 2127K, committed 2304K, reserved 1048576K
}
Event: 208.697 GC heap before
{Heap before GC invocations=5 (full 1):
 PSYoungGen      total 29696K, used 4089K [0x00000000eab00000, 0x00000000ecc00000, 0x0000000100000000)
  eden space 25600K, 0% used [0x00000000eab00000,0x00000000eab00000,0x00000000ec400000)
  from space 4096K, 99% used [0x00000000ec800000,0x00000000ecbfe7f0,0x00000000ecc00000)
  to   space 4096K, 0% used [0x00000000ec400000,0x00000000ec400000,0x00000000ec800000)
 ParOldGen       total 68608K, used 4773K [0x00000000c0000000, 0x00000000c4300000, 0x00000000eab00000)
  object space 68608K, 6% used [0x00000000c0000000,0x00000000c04a9440,0x00000000c4300000)
 Metaspace       used 21159K, committed 21504K, reserved 1114112K
  class space    used 2127K, committed 2304K, reserved 1048576K
}
Event: 208.918 GC heap after
{Heap after GC invocations=5 (full 1):
 PSYoungGen      total 29696K, used 0K [0x00000000eab00000, 0x00000000ecc00000, 0x0000000100000000)
  eden space 25600K, 0% used [0x00000000eab00000,0x00000000eab00000,0x00000000ec400000)
  from space 4096K, 0% used [0x00000000ec800000,0x00000000ec800000,0x00000000ecc00000)
  to   space 4096K, 0% used [0x00000000ec400000,0x00000000ec400000,0x00000000ec800000)
 ParOldGen       total 68608K, used 8698K [0x00000000c0000000, 0x00000000c4300000, 0x00000000eab00000)
  object space 68608K, 12% used [0x00000000c0000000,0x00000000c087e978,0x00000000c4300000)
 Metaspace       used 21146K, committed 21504K, reserved 1114112K
  class space    used 2124K, committed 2304K, reserved 1048576K
}
Event: 223.006 GC heap before
{Heap before GC invocations=6 (full 1):
 PSYoungGen      total 29696K, used 25472K [0x00000000eab00000, 0x00000000ecc00000, 0x0000000100000000)
  eden space 25600K, 99% used [0x00000000eab00000,0x00000000ec3e02c0,0x00000000ec400000)
  from space 4096K, 0% used [0x00000000ec800000,0x00000000ec800000,0x00000000ecc00000)
  to   space 4096K, 0% used [0x00000000ec400000,0x00000000ec400000,0x00000000ec800000)
 ParOldGen       total 68608K, used 8698K [0x00000000c0000000, 0x00000000c4300000, 0x00000000eab00000)
  object space 68608K, 12% used [0x00000000c0000000,0x00000000c087e978,0x00000000c4300000)
 Metaspace       used 24689K, committed 25152K, reserved 1114112K
  class space    used 2430K, committed 2624K, reserved 1048576K
}
Event: 223.042 GC heap after
{Heap after GC invocations=6 (full 1):
 PSYoungGen      total 25600K, used 448K [0x00000000eab00000, 0x00000000ec880000, 0x0000000100000000)
  eden space 25088K, 0% used [0x00000000eab00000,0x00000000eab00000,0x00000000ec380000)
  from space 512K, 87% used [0x00000000ec400000,0x00000000ec470178,0x00000000ec480000)
  to   space 2560K, 0% used [0x00000000ec600000,0x00000000ec600000,0x00000000ec880000)
 ParOldGen       total 68608K, used 8698K [0x00000000c0000000, 0x00000000c4300000, 0x00000000eab00000)
  object space 68608K, 12% used [0x00000000c0000000,0x00000000c087e978,0x00000000c4300000)
 Metaspace       used 24689K, committed 25152K, reserved 1114112K
  class space    used 2430K, committed 2624K, reserved 1048576K
}

Dll operation events (11 events):
Event: 2.496 Loaded shared library c:\Users\farri\.vscode\extensions\redhat.java-1.21.0-win32-x64\jre\17.0.7-win32-x86_64\bin\java.dll
Event: 5.370 Loaded shared library c:\Users\farri\.vscode\extensions\redhat.java-1.21.0-win32-x64\jre\17.0.7-win32-x86_64\bin\zip.dll
Event: 5.375 Loaded shared library C:\Users\farri\.vscode\extensions\redhat.java-1.21.0-win32-x64\jre\17.0.7-win32-x86_64\bin\instrument.dll
Event: 5.453 Loaded shared library C:\Users\farri\.vscode\extensions\redhat.java-1.21.0-win32-x64\jre\17.0.7-win32-x86_64\bin\net.dll
Event: 5.734 Loaded shared library C:\Users\farri\.vscode\extensions\redhat.java-1.21.0-win32-x64\jre\17.0.7-win32-x86_64\bin\nio.dll
Event: 5.744 Loaded shared library C:\Users\farri\.vscode\extensions\redhat.java-1.21.0-win32-x64\jre\17.0.7-win32-x86_64\bin\zip.dll
Event: 5.760 Loaded shared library C:\Users\farri\.vscode\extensions\redhat.java-1.21.0-win32-x64\jre\17.0.7-win32-x86_64\bin\jimage.dll
Event: 7.020 Loaded shared library c:\Users\farri\.vscode\extensions\redhat.java-1.21.0-win32-x64\jre\17.0.7-win32-x86_64\bin\verify.dll
Event: 135.741 Loaded shared library C:\Users\farri\AppData\Roaming\Code\User\globalStorage\redhat.java\1.21.0\config_ss_win\org.eclipse.equinox.launcher\org.eclipse.equinox.launcher.win32.win32.x86_64_1.2.700.v20221108-1024\eclipse_11801.dll
Event: 204.800 Loaded shared library C:\Users\farri\.vscode\extensions\redhat.java-1.21.0-win32-x64\jre\17.0.7-win32-x86_64\bin\management.dll
Event: 207.485 Loaded shared library C:\Users\farri\.vscode\extensions\redhat.java-1.21.0-win32-x64\jre\17.0.7-win32-x86_64\bin\management_ext.dll

Deoptimization events (20 events):
Event: 178.810 Thread 0x00000250d9977830 Uncommon trap: trap_request=0xffffff45 fr.pc=0x00000250caebc290 relative=0x0000000000000450
Event: 178.810 Thread 0x00000250d9977830 Uncommon trap: reason=unstable_if action=reinterpret pc=0x00000250caebc290 method=java.util.jar.Manifest$FastInputStream.readLine([BII)I @ 106 c2
Event: 178.811 Thread 0x00000250d9977830 DEOPT PACKING pc=0x00000250caebc290 sp=0x0000005a461f7e20
Event: 178.812 Thread 0x00000250d9977830 DEOPT UNPACKING pc=0x00000250ca9466a3 sp=0x0000005a461f7dd0 mode 2
Event: 178.812 Thread 0x00000250d9977830 Uncommon trap: trap_request=0xffffff45 fr.pc=0x00000250caf51684 relative=0x0000000000000084
Event: 178.812 Thread 0x00000250d9977830 Uncommon trap: reason=unstable_if action=reinterpret pc=0x00000250caf51684 method=java.util.jar.Manifest$FastInputStream.peek()B @ 8 c2
Event: 178.812 Thread 0x00000250d9977830 DEOPT PACKING pc=0x00000250caf51684 sp=0x0000005a461f7ef0
Event: 178.812 Thread 0x00000250d9977830 DEOPT UNPACKING pc=0x00000250ca9466a3 sp=0x0000005a461f7e88 mode 2
Event: 186.857 Thread 0x00000250d9977830 Uncommon trap: trap_request=0xffffff45 fr.pc=0x00000250caf7fa08 relative=0x00000000000003c8
Event: 186.857 Thread 0x00000250d9977830 Uncommon trap: reason=unstable_if action=reinterpret pc=0x00000250caf7fa08 method=com.sun.org.apache.xerces.internal.impl.XMLEntityScanner.scanLiteral(ILcom/sun/org/apache/xerces/internal/xni/XMLString;Z)I @ 299 c2
Event: 186.857 Thread 0x00000250d9977830 DEOPT PACKING pc=0x00000250caf7fa08 sp=0x0000005a461fd700
Event: 186.858 Thread 0x00000250d9977830 DEOPT UNPACKING pc=0x00000250ca9466a3 sp=0x0000005a461fd690 mode 2
Event: 196.496 Thread 0x00000250d9977830 DEOPT PACKING pc=0x00000250c349c29e sp=0x0000005a461f8c40
Event: 196.531 Thread 0x00000250d9977830 DEOPT UNPACKING pc=0x00000250ca946e43 sp=0x0000005a461f8138 mode 0
Event: 196.534 Thread 0x00000250d9977830 DEOPT PACKING pc=0x00000250c349c29e sp=0x0000005a461f8c40
Event: 196.535 Thread 0x00000250d9977830 DEOPT UNPACKING pc=0x00000250ca946e43 sp=0x0000005a461f8138 mode 0
Event: 208.926 Thread 0x00000250d9977830 Uncommon trap: trap_request=0xffffff45 fr.pc=0x00000250caf217cc relative=0x00000000000009ac
Event: 208.926 Thread 0x00000250d9977830 Uncommon trap: reason=unstable_if action=reinterpret pc=0x00000250caf217cc method=java.util.HashMap.putVal(ILjava/lang/Object;Ljava/lang/Object;ZZ)Ljava/lang/Object; @ 236 c2
Event: 208.926 Thread 0x00000250d9977830 DEOPT PACKING pc=0x00000250caf217cc sp=0x0000005a461f8db0
Event: 208.927 Thread 0x00000250d9977830 DEOPT UNPACKING pc=0x00000250ca9466a3 sp=0x0000005a461f8d38 mode 2

Classes unloaded (7 events):
Event: 208.709 Thread 0x00000250d450a4b0 Unloading class 0x0000000100247c00 'java/lang/invoke/LambdaForm$MH+0x0000000100247c00'
Event: 208.709 Thread 0x00000250d450a4b0 Unloading class 0x0000000100247800 'java/lang/invoke/LambdaForm$MH+0x0000000100247800'
Event: 208.709 Thread 0x00000250d450a4b0 Unloading class 0x0000000100247400 'java/lang/invoke/LambdaForm$MH+0x0000000100247400'
Event: 208.709 Thread 0x00000250d450a4b0 Unloading class 0x0000000100247000 'java/lang/invoke/LambdaForm$MH+0x0000000100247000'
Event: 208.709 Thread 0x00000250d450a4b0 Unloading class 0x0000000100246c00 'java/lang/invoke/LambdaForm$BMH+0x0000000100246c00'
Event: 208.709 Thread 0x00000250d450a4b0 Unloading class 0x0000000100246800 'java/lang/invoke/LambdaForm$DMH+0x0000000100246800'
Event: 208.710 Thread 0x00000250d450a4b0 Unloading class 0x0000000100244000 'java/lang/invoke/LambdaForm$DMH+0x0000000100244000'

Classes redefined (0 events):
No events

Internal exceptions (20 events):
Event: 199.831 Thread 0x00000250d9977830 Exception <a 'java/lang/NoSuchMethodError'{0x00000000ec124e18}: 'java.lang.Object java.lang.invoke.DelegatingMethodHandle$Holder.reinvoke_L(java.lang.Object, java.lang.Object, java.lang.Object, java.lang.Object, int, int)'> (0x00000000ec124e18) 
thrown [s\src\hotspot\share\interpreter\linkResolver.cpp, line 759]
Event: 199.840 Thread 0x00000250d9977830 Exception <a 'java/lang/NoSuchMethodError'{0x00000000ec1393e8}: 'java.lang.Object java.lang.invoke.Invokers$Holder.invokeExact_MT(java.lang.Object, java.lang.Object, java.lang.Object, java.lang.Object)'> (0x00000000ec1393e8) 
thrown [s\src\hotspot\share\interpreter\linkResolver.cpp, line 759]
Event: 200.654 Thread 0x00000250d9977830 Exception <a 'java/io/FileNotFoundException'{0x00000000ec233430}> (0x00000000ec233430) 
thrown [s\src\hotspot\share\prims\jni.cpp, line 516]
Event: 200.663 Thread 0x00000250d9977830 Exception <a 'java/io/FileNotFoundException'{0x00000000ec24aba0}> (0x00000000ec24aba0) 
thrown [s\src\hotspot\share\prims\jni.cpp, line 516]
Event: 211.806 Thread 0x00000250d9977830 Exception <a 'java/lang/NoSuchMethodError'{0x00000000eadee110}: 'java.lang.Object java.lang.invoke.DirectMethodHandle$Holder.newInvokeSpecial(java.lang.Object, java.lang.Object, java.lang.Object, java.lang.Object, java.lang.Object)'> (0x00000000eadee110) 
thrown [s\src\hotspot\share\interpreter\linkResolver.cpp, line 759]
Event: 213.582 Thread 0x00000250d9977830 Exception <a 'java/lang/NoSuchMethodError'{0x00000000eaec21d0}: 'java.lang.Object java.lang.invoke.DirectMethodHandle$Holder.invokeSpecial(java.lang.Object, java.lang.Object, java.lang.Object, long, java.lang.Object)'> (0x00000000eaec21d0) 
thrown [s\src\hotspot\share\interpreter\linkResolver.cpp, line 759]
Event: 213.583 Thread 0x00000250d9977830 Exception <a 'java/lang/NoSuchMethodError'{0x00000000eaeca388}: 'java.lang.Object java.lang.invoke.DirectMethodHandle$Holder.newInvokeSpecial(java.lang.Object, java.lang.Object, java.lang.Object, long)'> (0x00000000eaeca388) 
thrown [s\src\hotspot\share\interpreter\linkResolver.cpp, line 759]
Event: 213.584 Thread 0x00000250d9977830 Exception <a 'java/lang/NoSuchMethodError'{0x00000000eaece928}: 'java.lang.Object java.lang.invoke.DirectMethodHandle$Holder.invokeSpecial(java.lang.Object, java.lang.Object, java.lang.Object, java.lang.Object, long)'> (0x00000000eaece928) 
thrown [s\src\hotspot\share\interpreter\linkResolver.cpp, line 759]
Event: 213.584 Thread 0x00000250d9977830 Exception <a 'java/lang/NoSuchMethodError'{0x00000000eaed27a0}: 'java.lang.Object java.lang.invoke.Invokers$Holder.linkToTargetMethod(java.lang.Object, java.lang.Object, long, java.lang.Object)'> (0x00000000eaed27a0) 
thrown [s\src\hotspot\share\interpreter\linkResolver.cpp, line 759]
Event: 213.823 Thread 0x00000250d9977830 Exception <a 'java/lang/IncompatibleClassChangeError'{0x00000000eafc9ef8}: Found class java.lang.Object, but interface was expected> (0x00000000eafc9ef8) 
thrown [s\src\hotspot\share\interpreter\linkResolver.cpp, line 826]
Event: 213.825 Thread 0x00000250d9977830 Exception <a 'java/lang/NoSuchMethodError'{0x00000000eafdb8d0}: 'java.lang.Object java.lang.invoke.DirectMethodHandle$Holder.invokeSpecial(java.lang.Object, java.lang.Object, java.lang.Object, int, java.lang.Object, java.lang.Object)'> (0x00000000eafdb8d0) 
thrown [s\src\hotspot\share\interpreter\linkResolver.cpp, line 759]
Event: 213.827 Thread 0x00000250d9977830 Exception <a 'java/lang/NoSuchMethodError'{0x00000000eafe4058}: 'java.lang.Object java.lang.invoke.DirectMethodHandle$Holder.newInvokeSpecial(java.lang.Object, java.lang.Object, java.lang.Object, int, java.lang.Object)'> (0x00000000eafe4058) 
thrown [s\src\hotspot\share\interpreter\linkResolver.cpp, line 759]
Event: 213.829 Thread 0x00000250d9977830 Exception <a 'java/lang/NoSuchMethodError'{0x00000000eafe84b0}: 'java.lang.Object java.lang.invoke.DirectMethodHandle$Holder.invokeSpecial(java.lang.Object, java.lang.Object, java.lang.Object, java.lang.Object, int, java.lang.Object)'> (0x00000000eafe84b0) 
thrown [s\src\hotspot\share\interpreter\linkResolver.cpp, line 759]
Event: 213.834 Thread 0x00000250d9a113a0 Exception <a 'java/lang/NoSuchMethodError'{0x00000000eaf72dc8}: 'java.lang.Object java.lang.invoke.DirectMethodHandle$Holder.invokeSpecial(java.lang.Object, java.lang.Object, int, java.lang.Object, java.lang.Object)'> (0x00000000eaf72dc8) 
thrown [s\src\hotspot\share\interpreter\linkResolver.cpp, line 759]
Event: 213.836 Thread 0x00000250d9a113a0 Exception <a 'java/lang/NoSuchMethodError'{0x00000000eaf7a498}: 'java.lang.Object java.lang.invoke.DirectMethodHandle$Holder.newInvokeSpecial(java.lang.Object, java.lang.Object, int, java.lang.Object)'> (0x00000000eaf7a498) 
thrown [s\src\hotspot\share\interpreter\linkResolver.cpp, line 759]
Event: 213.837 Thread 0x00000250d9a113a0 Exception <a 'java/lang/NoSuchMethodError'{0x00000000eaf7dfa8}: 'java.lang.Object java.lang.invoke.DirectMethodHandle$Holder.invokeSpecial(java.lang.Object, java.lang.Object, java.lang.Object, int, java.lang.Object)'> (0x00000000eaf7dfa8) 
thrown [s\src\hotspot\share\interpreter\linkResolver.cpp, line 759]
Event: 222.635 Thread 0x00000250d9977830 Exception <a 'java/io/FileNotFoundException'{0x00000000ec0f58b0}> (0x00000000ec0f58b0) 
thrown [s\src\hotspot\share\prims\jni.cpp, line 516]
Event: 222.635 Thread 0x00000250d9977830 Exception <a 'java/io/FileNotFoundException'{0x00000000ec0f66c8}> (0x00000000ec0f66c8) 
thrown [s\src\hotspot\share\prims\jni.cpp, line 516]
Event: 222.636 Thread 0x00000250d9977830 Exception <a 'java/io/FileNotFoundException'{0x00000000ec0f74e8}> (0x00000000ec0f74e8) 
thrown [s\src\hotspot\share\prims\jni.cpp, line 516]
Event: 226.408 Thread 0x00000250d9977830 Exception <a 'java/lang/NoSuchMethodError'{0x00000000eb11d648}: 'int java.lang.invoke.DirectMethodHandle$Holder.invokeStaticInit(java.lang.Object, java.lang.Object, java.lang.Object)'> (0x00000000eb11d648) 
thrown [s\src\hotspot\share\interpreter\linkResolver.cpp, line 759]

VM Operations (20 events):
Event: 216.725 Executing VM operation: Cleanup
Event: 216.725 Executing VM operation: Cleanup done
Event: 220.740 Executing VM operation: Cleanup
Event: 220.846 Executing VM operation: Cleanup done
Event: 221.847 Executing VM operation: Cleanup
Event: 221.865 Executing VM operation: Cleanup done
Event: 222.865 Executing VM operation: Cleanup
Event: 222.977 Executing VM operation: Cleanup done
Event: 223.005 Executing VM operation: ParallelGCFailedAllocation
Event: 223.043 Executing VM operation: ParallelGCFailedAllocation done
Event: 224.044 Executing VM operation: Cleanup
Event: 224.735 Executing VM operation: Cleanup done
Event: 225.739 Executing VM operation: Cleanup
Event: 226.382 Executing VM operation: Cleanup done
Event: 226.382 Executing VM operation: HandshakeAllThreads
Event: 226.382 Executing VM operation: HandshakeAllThreads done
Event: 227.580 Executing VM operation: Cleanup
Event: 228.576 Executing VM operation: Cleanup done
Event: 230.590 Executing VM operation: Cleanup
Event: 230.590 Executing VM operation: Cleanup done

Events (20 events):
Event: 216.139 loading class java/util/zip/GZIPOutputStream done
Event: 216.576 loading class java/io/StringReader
Event: 216.581 loading class java/io/StringReader done
Event: 216.604 loading class java/util/zip/GZIPInputStream
Event: 216.606 loading class java/util/zip/GZIPInputStream done
Event: 216.615 loading class java/net/SocketTimeoutException
Event: 216.618 loading class java/io/InterruptedIOException
Event: 216.621 loading class java/io/InterruptedIOException done
Event: 216.621 loading class java/net/SocketTimeoutException done
Event: 216.621 loading class java/net/SocketException
Event: 216.621 loading class java/net/SocketException done
Event: 216.621 loading class java/net/UnknownHostException
Event: 216.624 loading class java/net/UnknownHostException done
Event: 216.624 loading class java/net/ProtocolException
Event: 216.636 loading class java/net/ProtocolException done
Event: 217.059 loading class java/io/FileWriter
Event: 217.066 loading class java/io/FileWriter done
Event: 219.843 Thread 0x00000250db1c78c0 Thread exited: 0x00000250db1c78c0
Event: 222.617 loading class java/lang/NegativeArraySizeException
Event: 222.620 loading class java/lang/NegativeArraySizeException done


Dynamic libraries:
0x00007ff710890000 - 0x00007ff71089e000 	c:\Users\farri\.vscode\extensions\redhat.java-1.21.0-win32-x64\jre\17.0.7-win32-x86_64\bin\java.exe
0x00007ff933410000 - 0x00007ff933624000 	C:\WINDOWS\SYSTEM32\ntdll.dll
0x00007ff931e10000 - 0x00007ff931ed4000 	C:\WINDOWS\System32\KERNEL32.DLL
0x00007ff930a30000 - 0x00007ff930dd4000 	C:\WINDOWS\System32\KERNELBASE.dll
0x00007ff931010000 - 0x00007ff931121000 	C:\WINDOWS\System32\ucrtbase.dll
0x00007ff8fb7e0000 - 0x00007ff8fb7f7000 	c:\Users\farri\.vscode\extensions\redhat.java-1.21.0-win32-x64\jre\17.0.7-win32-x86_64\bin\jli.dll
0x00007ff931570000 - 0x00007ff93171e000 	C:\WINDOWS\System32\USER32.dll
0x00007ff9307c0000 - 0x00007ff9307e6000 	C:\WINDOWS\System32\win32u.dll
0x00007ff931a60000 - 0x00007ff931a89000 	C:\WINDOWS\System32\GDI32.dll
0x00007ff930870000 - 0x00007ff930988000 	C:\WINDOWS\System32\gdi32full.dll
0x00007ff930990000 - 0x00007ff930a2a000 	C:\WINDOWS\System32\msvcp_win.dll
0x00007ff918ac0000 - 0x00007ff918d53000 	C:\WINDOWS\WinSxS\amd64_microsoft.windows.common-controls_6595b64144ccf1df_6.0.22621.2215_none_270d72677387dfc3\COMCTL32.dll
0x00007ff9314c0000 - 0x00007ff931567000 	C:\WINDOWS\System32\msvcrt.dll
0x00007ff8fa290000 - 0x00007ff8fa2a9000 	c:\Users\farri\.vscode\extensions\redhat.java-1.21.0-win32-x64\jre\17.0.7-win32-x86_64\bin\VCRUNTIME140.dll
0x00007ff932b90000 - 0x00007ff932bc1000 	C:\WINDOWS\System32\IMM32.DLL
0x00007ff902150000 - 0x00007ff90215c000 	c:\Users\farri\.vscode\extensions\redhat.java-1.21.0-win32-x64\jre\17.0.7-win32-x86_64\bin\vcruntime140_1.dll
0x00007ff8f6460000 - 0x00007ff8f64f1000 	c:\Users\farri\.vscode\extensions\redhat.java-1.21.0-win32-x64\jre\17.0.7-win32-x86_64\bin\msvcp140.dll
0x00007ff8c74c0000 - 0x00007ff8c8108000 	c:\Users\farri\.vscode\extensions\redhat.java-1.21.0-win32-x64\jre\17.0.7-win32-x86_64\bin\server\jvm.dll
0x00007ff933320000 - 0x00007ff9333d0000 	C:\WINDOWS\System32\ADVAPI32.dll
0x00007ff931720000 - 0x00007ff9317c6000 	C:\WINDOWS\System32\sechost.dll
0x00007ff931840000 - 0x00007ff931957000 	C:\WINDOWS\System32\RPCRT4.dll
0x00007ff910fe0000 - 0x00007ff910fe9000 	C:\WINDOWS\SYSTEM32\WSOCK32.dll
0x00007ff931a90000 - 0x00007ff931b01000 	C:\WINDOWS\System32\WS2_32.dll
0x00007ff928b50000 - 0x00007ff928b84000 	C:\WINDOWS\SYSTEM32\WINMM.dll
0x00007ff928980000 - 0x00007ff92898a000 	C:\WINDOWS\SYSTEM32\VERSION.dll
0x00007ff92f810000 - 0x00007ff92f828000 	C:\WINDOWS\SYSTEM32\kernel.appcore.dll
0x00007ff902050000 - 0x00007ff90205a000 	c:\Users\farri\.vscode\extensions\redhat.java-1.21.0-win32-x64\jre\17.0.7-win32-x86_64\bin\jimage.dll
0x00007ff91e9c0000 - 0x00007ff91ebee000 	C:\WINDOWS\SYSTEM32\DBGHELP.DLL
0x00007ff9327f0000 - 0x00007ff932b7a000 	C:\WINDOWS\System32\combase.dll
0x00007ff931ee0000 - 0x00007ff931fb7000 	C:\WINDOWS\System32\OLEAUT32.dll
0x00007ff9179c0000 - 0x00007ff9179f2000 	C:\WINDOWS\SYSTEM32\dbgcore.DLL
0x00007ff9307f0000 - 0x00007ff93086a000 	C:\WINDOWS\System32\bcryptPrimitives.dll
0x00007ff901b50000 - 0x00007ff901b5e000 	c:\Users\farri\.vscode\extensions\redhat.java-1.21.0-win32-x64\jre\17.0.7-win32-x86_64\bin\instrument.dll
0x00007ff8f8210000 - 0x00007ff8f8235000 	c:\Users\farri\.vscode\extensions\redhat.java-1.21.0-win32-x64\jre\17.0.7-win32-x86_64\bin\java.dll
0x00007ff8f81f0000 - 0x00007ff8f8208000 	c:\Users\farri\.vscode\extensions\redhat.java-1.21.0-win32-x64\jre\17.0.7-win32-x86_64\bin\zip.dll
0x00007ff931fc0000 - 0x00007ff9327e3000 	C:\WINDOWS\System32\SHELL32.dll
0x00007ff92e750000 - 0x00007ff92f03a000 	C:\WINDOWS\SYSTEM32\windows.storage.dll
0x00007ff92e610000 - 0x00007ff92e74e000 	C:\WINDOWS\SYSTEM32\wintypes.dll
0x00007ff9313b0000 - 0x00007ff9314a3000 	C:\WINDOWS\System32\SHCORE.dll
0x00007ff9311b0000 - 0x00007ff93120e000 	C:\WINDOWS\System32\shlwapi.dll
0x00007ff9306f0000 - 0x00007ff930716000 	C:\WINDOWS\SYSTEM32\profapi.dll
0x00007ff8f7ea0000 - 0x00007ff8f7eb9000 	C:\Users\farri\.vscode\extensions\redhat.java-1.21.0-win32-x64\jre\17.0.7-win32-x86_64\bin\net.dll
0x00007ff9263a0000 - 0x00007ff9264d7000 	C:\WINDOWS\SYSTEM32\WINHTTP.dll
0x00007ff92fc90000 - 0x00007ff92fcf9000 	C:\WINDOWS\system32\mswsock.dll
0x00007ff8f6f80000 - 0x00007ff8f6f95000 	C:\Users\farri\.vscode\extensions\redhat.java-1.21.0-win32-x64\jre\17.0.7-win32-x86_64\bin\nio.dll
0x00007ff901470000 - 0x00007ff901480000 	c:\Users\farri\.vscode\extensions\redhat.java-1.21.0-win32-x64\jre\17.0.7-win32-x86_64\bin\verify.dll
0x00007ff9085e0000 - 0x00007ff90861e000 	C:\Users\farri\AppData\Roaming\Code\User\globalStorage\redhat.java\1.21.0\config_ss_win\org.eclipse.equinox.launcher\org.eclipse.equinox.launcher.win32.win32.x86_64_1.2.700.v20221108-1024\eclipse_11801.dll
0x00007ff931210000 - 0x00007ff9313ae000 	C:\WINDOWS\System32\ole32.dll
0x00007ff91e6a0000 - 0x00007ff91e6a9000 	C:\Users\farri\.vscode\extensions\redhat.java-1.21.0-win32-x64\jre\17.0.7-win32-x86_64\bin\management.dll
0x00007ff917080000 - 0x00007ff91708b000 	C:\Users\farri\.vscode\extensions\redhat.java-1.21.0-win32-x64\jre\17.0.7-win32-x86_64\bin\management_ext.dll
0x00007ff932b80000 - 0x00007ff932b88000 	C:\WINDOWS\System32\PSAPI.DLL

dbghelp: loaded successfully - version: 4.0.5 - missing functions: none
symbol engine: initialized successfully - sym options: 0x614 - pdb path: .;c:\Users\farri\.vscode\extensions\redhat.java-1.21.0-win32-x64\jre\17.0.7-win32-x86_64\bin;C:\WINDOWS\SYSTEM32;C:\WINDOWS\WinSxS\amd64_microsoft.windows.common-controls_6595b64144ccf1df_6.0.22621.2215_none_270d72677387dfc3;c:\Users\farri\.vscode\extensions\redhat.java-1.21.0-win32-x64\jre\17.0.7-win32-x86_64\bin\server;C:\Users\farri\AppData\Roaming\Code\User\globalStorage\redhat.java\1.21.0\config_ss_win\org.eclipse.equinox.launcher\org.eclipse.equinox.launcher.win32.win32.x86_64_1.2.700.v20221108-1024

VM Arguments:
jvm_args: --add-modules=ALL-SYSTEM --add-opens=java.base/java.util=ALL-UNNAMED --add-opens=java.base/java.lang=ALL-UNNAMED --add-opens=java.base/sun.nio.fs=ALL-UNNAMED -Declipse.application=org.eclipse.jdt.ls.core.id1 -Dosgi.bundles.defaultStartLevel=4 -Declipse.product=org.eclipse.jdt.ls.core.product -Djava.import.generatesMetadataFilesAtProjectRoot=false -Dfile.encoding=utf8 -XX:+UseParallelGC -XX:GCTimeRatio=4 -XX:AdaptiveSizePolicyWeight=90 -Dsun.zip.disableMemoryMapping=true -Xmx1G -Xms100m -Xlog:disable -javaagent:c:\Users\farri\.vscode\extensions\redhat.java-1.21.0-win32-x64\lombok\lombok-1.18.28.jar 
java_command: c:\Users\farri\.vscode\extensions\redhat.java-1.21.0-win32-x64\server\plugins\org.eclipse.equinox.launcher_1.6.500.v20230717-2134.jar -configuration c:\Users\farri\AppData\Roaming\Code\User\globalStorage\redhat.java\1.21.0\config_ss_win -data c:\Users\farri\AppData\Roaming\Code\User\workspaceStorage\811a849fab682e4d3dd8b2739fa1d9de\redhat.java\ss_ws
java_class_path (initial): c:\Users\farri\.vscode\extensions\redhat.java-1.21.0-win32-x64\server\plugins\org.eclipse.equinox.launcher_1.6.500.v20230717-2134.jar
Launcher Type: SUN_STANDARD

[Global flags]
    uintx AdaptiveSizePolicyWeight                 = 90                                        {product} {command line}
     intx CICompilerCount                          = 2                                         {product} {ergonomic}
    uintx GCTimeRatio                              = 4                                         {product} {command line}
   size_t InitialHeapSize                          = 104857600                                 {product} {command line}
   size_t MaxHeapSize                              = 1073741824                                {product} {command line}
   size_t MaxNewSize                               = 357564416                                 {product} {ergonomic}
   size_t MinHeapDeltaBytes                        = 524288                                    {product} {ergonomic}
   size_t MinHeapSize                              = 104857600                                 {product} {command line}
   size_t NewSize                                  = 34603008                                  {product} {ergonomic}
    uintx NonNMethodCodeHeapSize                   = 5826188                                {pd product} {ergonomic}
    uintx NonProfiledCodeHeapSize                  = 122916026                              {pd product} {ergonomic}
   size_t OldSize                                  = 70254592                                  {product} {ergonomic}
    uintx ProfiledCodeHeapSize                     = 122916026                              {pd product} {ergonomic}
    uintx ReservedCodeCacheSize                    = 251658240                              {pd product} {ergonomic}
     bool SegmentedCodeCache                       = true                                      {product} {ergonomic}
   size_t SoftMaxHeapSize                          = 1073741824                             {manageable} {ergonomic}
     bool UseCompressedClassPointers               = true                           {product lp64_product} {ergonomic}
     bool UseCompressedOops                        = true                           {product lp64_product} {ergonomic}
     bool UseLargePagesIndividualAllocation        = false                                  {pd product} {ergonomic}
     bool UseParallelGC                            = true                                      {product} {command line}

Logging:
Log output configuration:
 #0: stdout all=off uptime,level,tags
 #1: stderr all=off uptime,level,tags

Environment Variables:
PATH=C:\oraclexe\app\oracle\product\10.2.0\server\bin;C:\Program Files\Common Files\Oracle\Java\javapath;C:\Program Files (x86)\Common Files\Intel\Shared Files\cpp\bin\Intel64;C:\WINDOWS\system32;C:\WINDOWS;C:\WINDOWS\System32\Wbem;C:\WINDOWS\System32\WindowsPowerShell\v1.0\;C:\WINDOWS\System32\OpenSSH\;C:\xampp\php;C:\ProgramData\ComposerSetup\bin;C:\Program Files\Git\cmd;C:\flutter\bin;C:\Program Files\nodejs\;C:\Users\farri\AppData\Local\Programs\Python\Python311\Scripts\;C:\Users\farri\AppData\Local\Programs\Python\Python311\;C:\Users\farri\AppData\Local\Microsoft\WindowsApps;C:\Users\farri\AppData\Local\Programs\Microsoft VS Code\bin;C:\Users\farri\AppData\Roaming\Composer\vendor\bin;C:\Program Files\JetBrains\IntelliJ IDEA Educational Edition 2022.2.2\bin;;C:\Users\farri\AppData\Roaming\npm
USERNAME=Faried
OS=Windows_NT
PROCESSOR_IDENTIFIER=AMD64 Family 23 Model 24 Stepping 1, AuthenticAMD
TMP=C:\Users\farri\AppData\Local\Temp
TEMP=C:\Users\farri\AppData\Local\Temp



---------------  S Y S T E M  ---------------

OS:
 Windows 11 , 64 bit Build 22621 (10.0.22621.2215)
OS uptime: 4 days 2:00 hours

CPU: total 2 (initial active 2) (2 cores per cpu, 1 threads per core) family 23 model 24 stepping 1 microcode 0x0, cx8, cmov, fxsr, mmx, 3dnowpref, sse, sse2, sse3, ssse3, sse4a, sse4.1, sse4.2, popcnt, lzcnt, tsc, tscinvbit, avx, avx2, aes, clmul, bmi1, bmi2, adx, sha, fma, vzeroupper, clflush, clflushopt

Memory: 4k page, system-wide physical 3499M (44M free)
TotalPageFile size 14251M (AvailPageFile size 3M)
current process WorkingSet (physical memory assigned to process): 71M, peak: 83M
current process commit charge ("private bytes"): 206M, peak: 206M

vm_info: OpenJDK 64-Bit Server VM (17.0.7+7) for windows-amd64 JRE (17.0.7+7), built on Apr 18 2023 22:10:42 by "temurin" with MS VC++ 16.7 (VS2019)

END.
